<?xml version="1.0" encoding="UTF-8"?>
<!-- Generated by org.testng.reporters.JUnitXMLReporter -->
<testsuite ignored="10" hostname="Pratiksha" failures="0" tests="3" name="Default test" time="6.615" errors="0" timestamp="2023-02-15T00:02:20 GMT-05:00">
  <testcase classname="restassured.RestassuredApi" name="DELAYED_RESPONSE" time="5.512"/>
  <testcase classname="restassured.RestassuredApi" name="SINGLE_RESOURCE_NotFound" time="0.236"/>
  <testcase classname="restassured.RestassuredApi" name="Singleuser" time="0.794"/>
  <testcase classname="restassured.RestassuredApi" name="testcase6" time="0.0">
    <ignored/>
  </testcase> <!-- testcase6 -->
  <testcase classname="restassured.RestassuredApi" name="Listusers2" time="0.0">
    <ignored/>
  </testcase> <!-- Listusers2 -->
  <testcase classname="restassured.RestassuredApi" name="SINGLE_USER_NOT_FOUND" time="0.0">
    <ignored/>
  </testcase> <!-- SINGLE_USER_NOT_FOUND -->
  <testcase classname="restassured.RestassuredApi" name="Created" time="0.0">
    <ignored/>
  </testcase> <!-- Created -->
  <testcase classname="restassured.RestassuredApi" name="REGISTER_SUCCESSFUL" time="0.0">
    <ignored/>
  </testcase> <!-- REGISTER_SUCCESSFUL -->
  <testcase classname="restassured.RestassuredApi" name="LIST_RESOURCE" time="0.0">
    <ignored/>
  </testcase> <!-- LIST_RESOURCE -->
  <testcase classname="restassured.RestassuredApi" name="Listuser1" time="0.0">
    <ignored/>
  </testcase> <!-- Listuser1 -->
  <testcase classname="restassured.RestassuredApi" name="SINGLE_RESOURCE" time="0.0">
    <ignored/>
  </testcase> <!-- SINGLE_RESOURCE -->
  <testcase classname="restassured.RestassuredApi" name="Delete" time="0.0">
    <ignored/>
  </testcase> <!-- Delete -->
  <testcase classname="restassured.RestassuredApi" name="Update" time="0.0">
    <ignored/>
  </testcase> <!-- Update -->
</testsuite> <!-- Default test -->
