<?xml version="1.0" encoding="UTF-8"?>
<testng-results ignored="10" total="13" passed="3" failed="0" skipped="0">
  <reporter-output>
  </reporter-output>
  <suite started-at="2023-02-15T00:02:13 GMT-05:00" name="Default suite" finished-at="2023-02-15T00:02:20 GMT-05:00" duration-ms="6615">
    <groups>
    </groups>
    <test started-at="2023-02-15T00:02:13 GMT-05:00" name="Default test" finished-at="2023-02-15T00:02:20 GMT-05:00" duration-ms="6615">
      <class name="restassured.RestassuredApi">
        <test-method signature="DELAYED_RESPONSE()[pri:0, instance:restassured.RestassuredApi@d4342c2]" started-at="2023-02-15T00:02:13 GMT-05:00" name="DELAYED_RESPONSE" finished-at="2023-02-15T00:02:19 GMT-05:00" duration-ms="5512" status="PASS">
          <reporter-output>
          </reporter-output>
        </test-method> <!-- DELAYED_RESPONSE -->
        <test-method signature="SINGLE_RESOURCE_NotFound()[pri:0, instance:restassured.RestassuredApi@d4342c2]" started-at="2023-02-15T00:02:19 GMT-05:00" name="SINGLE_RESOURCE_NotFound" finished-at="2023-02-15T00:02:19 GMT-05:00" duration-ms="236" status="PASS">
          <reporter-output>
          </reporter-output>
        </test-method> <!-- SINGLE_RESOURCE_NotFound -->
        <test-method signature="Singleuser()[pri:0, instance:restassured.RestassuredApi@d4342c2]" started-at="2023-02-15T00:02:19 GMT-05:00" name="Singleuser" finished-at="2023-02-15T00:02:20 GMT-05:00" duration-ms="794" status="PASS">
          <reporter-output>
          </reporter-output>
        </test-method> <!-- Singleuser -->
      </class> <!-- restassured.RestassuredApi -->
    </test> <!-- Default test -->
  </suite> <!-- Default suite -->
</testng-results>
